\o Program:		@(#)$CDS: libManager version 32.10 11/11/2011 13:43 (cat91amd) $
\o Sub version:		sub-version  s008 
\o Arguments:		-mpssession virtuoso93780 -mpshost tera.eng.hmc.edu 
\o Working Directory:	tera.eng.hmc.edu:/hdd/home/egadd/VLSI-TicTacToe/cadence
\o Qt version: 		4.5.3
\o Log file is "/hdd/home/egadd/VLSI-TicTacToe/cadence/libManager.log".
\o Opening libManager window.
\a nrSetCurrentWindow(cdsLibManager)
\o Loading customization file "./cdsLibMgr.il"
\o Loading NCSU Library Manager customizations...done.
\a nrResizeWindow(cdsLibManager list(1683 1 1141 1005))
\o changeWorkingDir("/hdd/home/egadd/VLSI-TicTacToe/cadence") unnecessary.
\o ddSetForcedLib("") unnecessary.
\o MPS service: map window
\o Library Manager customization server connected.
\a nrSetCurrentWindow(cdsLibManager)
\a nrSetCurrentWindow(cdsLibManager)
\a nrSetCurrentWindow(cdsLibManager)
\a cdsLibManager->libListBox->value = "cdsDefTechLib"
\a cdsLibManager->libLineEdit->value = "cdsDefTechLib"
\a fileCascade->fileNewCascade->value = "Library..."
\a cdsLibManager->cdkCreateNewLib->value = t ; customval
\a cdsLibManager->libListBox->value = nil
\a cdsLibManager->libLineEdit->value = ""
\a cdsLibManager->libListBox->value = "cdsDefTechLib"
\a cdsLibManager->libLineEdit->value = "cdsDefTechLib"
\a fileCascade->value = "Library..."
\a nrSetCurrentWindow(cdsLibManager)
\a cdsLibManager->libListBox->value = "TicTacToe"
\a cdsLibManager->libLineEdit->value = "TicTacToe"
